2022-06-07 19:16:05,978 [Worker-6: Loading available Gradle versions] INFO  o.e.b.c.i.u.g.PublishedGradleVersions - Gradle version information cache is up-to-date. Trying to read.
2022-06-07 19:17:05,394 [Worker-4: Loading available Gradle versions] INFO  o.e.b.c.i.u.g.PublishedGradleVersions - Gradle version information cache is up-to-date. Trying to read.
2022-06-07 19:17:54,766 [Worker-0: Creating project "com.promineotech"] INFO  o.e.m.c.i.l.LifecycleMappingFactory - Using org.eclipse.m2e.jdt.JarLifecycleMapping lifecycle mapping for MavenProject: tower-of-hanoi:com.promineotech:0.0.1-SNAPSHOT @ C:\Users\matts\STS\Week13-Assignment\towerOfHanoi\com.promineotech\pom.xml.
2022-06-07 19:17:57,084 [Worker-0: Creating project "com.promineotech"] INFO  o.e.m.j.i.AbstractJavaProjectConfigurator - Adding source folder /com.promineotech/src/main/java
2022-06-07 19:17:57,089 [Worker-0: Creating project "com.promineotech"] INFO  o.e.m.j.i.AbstractJavaProjectConfigurator - Adding resource folder /com.promineotech/src/main/resources
2022-06-07 19:17:57,091 [Worker-0: Creating project "com.promineotech"] INFO  o.e.m.j.i.AbstractJavaProjectConfigurator - Adding source folder /com.promineotech/src/test/java
2022-06-07 19:17:57,093 [Worker-0: Creating project "com.promineotech"] INFO  o.e.m.j.i.AbstractJavaProjectConfigurator - Adding resource folder /com.promineotech/src/test/resources
2022-06-07 19:18:01,276 [Worker-7: Building] WARN  o.e.m.c.i.embedder.EclipseLogger - Using platform encoding (Cp1252 actually) to copy filtered resources, i.e. build is platform dependent!
2022-06-07 19:18:01,287 [Worker-7: Building] INFO  o.e.m.c.i.embedder.EclipseLogger - Copying 0 resource
2022-06-07 19:18:01,292 [Worker-7: Building] WARN  o.e.m.c.i.embedder.EclipseLogger - Using platform encoding (Cp1252 actually) to copy filtered resources, i.e. build is platform dependent!
2022-06-07 19:18:01,295 [Worker-7: Building] INFO  o.e.m.c.i.embedder.EclipseLogger - Copying 0 resource
2022-06-07 19:18:33,611 [Worker-7: Building] WARN  o.e.m.c.i.embedder.EclipseLogger - Using platform encoding (Cp1252 actually) to copy filtered resources, i.e. build is platform dependent!
2022-06-07 19:18:33,622 [Worker-7: Building] INFO  o.e.m.c.i.embedder.EclipseLogger - Copying 0 resource
2022-06-07 19:18:33,626 [Worker-7: Building] WARN  o.e.m.c.i.embedder.EclipseLogger - Using platform encoding (Cp1252 actually) to copy filtered resources, i.e. build is platform dependent!
2022-06-07 19:18:33,628 [Worker-7: Building] INFO  o.e.m.c.i.embedder.EclipseLogger - Copying 0 resource
2022-06-07 19:18:49,388 [Worker-2: Building] WARN  o.e.m.c.i.embedder.EclipseLogger - Using platform encoding (Cp1252 actually) to copy filtered resources, i.e. build is platform dependent!
2022-06-07 19:18:49,396 [Worker-2: Building] INFO  o.e.m.c.i.embedder.EclipseLogger - Copying 0 resource
2022-06-07 19:18:49,399 [Worker-2: Building] WARN  o.e.m.c.i.embedder.EclipseLogger - Using platform encoding (Cp1252 actually) to copy filtered resources, i.e. build is platform dependent!
2022-06-07 19:18:49,400 [Worker-2: Building] INFO  o.e.m.c.i.embedder.EclipseLogger - Copying 0 resource
2022-06-07 19:18:50,473 [Worker-9: Building] WARN  o.e.m.c.i.embedder.EclipseLogger - Using platform encoding (Cp1252 actually) to copy filtered resources, i.e. build is platform dependent!
2022-06-07 19:18:50,476 [Worker-9: Building] INFO  o.e.m.c.i.embedder.EclipseLogger - Copying 0 resource
2022-06-07 19:18:50,478 [Worker-9: Building] WARN  o.e.m.c.i.embedder.EclipseLogger - Using platform encoding (Cp1252 actually) to copy filtered resources, i.e. build is platform dependent!
2022-06-07 19:18:50,482 [Worker-9: Building] INFO  o.e.m.c.i.embedder.EclipseLogger - Copying 0 resource
2022-06-07 20:32:00,749 [Worker-10: Building] WARN  o.e.m.c.i.embedder.EclipseLogger - Failed to build parent project for org.springframework.boot:spring-boot-starter-parent:pom:2.7.0
